\BOOKMARK [1][-]{toc1.1}{\376\377\166\356\137\125}{}% 1
\BOOKMARK [1][-]{section.1}{\376\377\0001\000\040\152\041\147\177\116\313\176\315}{}% 2
\BOOKMARK [1][-]{section.2}{\376\377\0002\000\040\133\211\210\305}{}% 3
\BOOKMARK [2][-]{subsection.2.1}{\376\377\0002\000.\0001\000\040\152\041\147\177\166\204\176\304\142\020}{section.2}% 4
\BOOKMARK [2][-]{subsection.2.2}{\376\377\0002\000.\0002\000\040\165\037\142\020\152\041\147\177\000s\000t\000y\145\207\116\366\124\214\165\050\142\067\142\113\121\214}{section.2}% 5
\BOOKMARK [2][-]{subsection.2.3}{\376\377\0002\000.\0003\000\040\165\037\142\020\117\134\116\032}{section.2}% 6
\BOOKMARK [3][-]{subsubsection.2.3.1}{\376\377\0002\000.\0003\000.\0001\000\040\000X\0000\000.\0005\000e\000x\0000\000.\0005\000e\000x\000E\000p\000d\000f\000:\000b\000t\000r\000a\000n\000s\000x\000:\000s\000c\000a\000l\000e\000\040\000\040\000t\000o\000p\000d\000f\000:\000e\000t\000r\000a\000n\000s\0001\0001\000t\000o\040\023\0001\0000\000.\0005\000e\000x\000L\000a\000T\000e\000X}{subsection.2.3}% 7
\BOOKMARK [3][-]{subsubsection.2.3.2}{\376\377\0002\000.\0003\000.\0002\000\040\000P\000D\000F\000L\000a\000T\000e\000X}{subsection.2.3}% 8
\BOOKMARK [3][-]{subsubsection.2.3.3}{\376\377\0002\000.\0003\000.\0003\000\040\000l\000a\000t\000e\000x\000m\000k}{subsection.2.3}% 9
\BOOKMARK [3][-]{subsubsection.2.3.4}{\376\377\0002\000.\0003\000.\0004\000\040\000m\000a\000k\000e}{subsection.2.3}% 10
\BOOKMARK [2][-]{subsection.2.4}{\376\377\0002\000.\0004\000\040\123\107\176\247}{section.2}% 11
\BOOKMARK [1][-]{section.3}{\376\377\0003\000\040\117\177\165\050\213\364\146\016}{}% 12
\BOOKMARK [2][-]{subsection.3.1}{\376\377\0003\000.\0001\000\040\121\163\116\216\143\320\225\356}{section.3}% 13
\BOOKMARK [2][-]{subsection.3.2}{\376\377\0003\000.\0002\000\040\171\072\117\213\145\207\116\366}{section.3}% 14
\BOOKMARK [2][-]{subsection.3.3}{\376\377\0003\000.\0003\000\040\117\134\116\032\220\011\230\171}{section.3}% 15
\BOOKMARK [2][-]{subsection.3.4}{\376\377\0003\000.\0004\000\040\127\372\147\054\117\341\140\157}{section.3}% 16
\BOOKMARK [2][-]{subsection.3.5}{\376\377\0003\000.\0005\000\040\150\007\230\230}{section.3}% 17
\BOOKMARK [2][-]{subsection.3.6}{\376\377\0003\000.\0006\000\040\230\230\166\356\201\352\122\250\177\026\123\367}{section.3}% 18
\BOOKMARK [2][-]{subsection.3.7}{\376\377\0003\000.\0007\000\040\213\301\146\016\124\214\211\343\166\204\163\257\130\203}{section.3}% 19
\BOOKMARK [2][-]{subsection.3.8}{\376\377\0003\000.\0008\000\040\136\070\165\050\145\160\133\146\173\046\123\367}{section.3}% 20
\BOOKMARK [1][-]{section.4}{\376\377\0004\000\040\201\364\214\042}{}% 21
\BOOKMARK [1][-]{section.5}{\376\377\0005\000\040\133\236\163\260\176\306\202\202}{}% 22
\BOOKMARK [2][-]{subsection.5.1}{\376\377\0005\000.\0001\000\040\127\372\147\054\117\341\140\157}{section.5}% 23
\BOOKMARK [2][-]{subsection.5.2}{\376\377\0005\000.\0002\000\040\210\305\217\175\133\217\123\005}{section.5}% 24
\BOOKMARK [2][-]{subsection.5.3}{\376\377\0005\000.\0003\000\040\117\134\116\032\220\011\230\171}{section.5}% 25
\BOOKMARK [2][-]{subsection.5.4}{\376\377\0005\000.\0004\000\040\150\007\230\230}{section.5}% 26
\BOOKMARK [2][-]{subsection.5.5}{\376\377\0005\000.\0005\000\040\230\230\166\356\201\352\122\250\177\026\123\367}{section.5}% 27
\BOOKMARK [2][-]{subsection.5.6}{\376\377\0005\000.\0006\000\040\211\343\166\204\163\257\130\203}{section.5}% 28
\BOOKMARK [2][-]{subsection.5.7}{\376\377\0005\000.\0007\000\040\136\070\165\050\145\160\133\146\173\046\123\367}{section.5}% 29
\BOOKMARK [1][-]{glossary2.1}{\376\377\117\356\145\071\213\260\137\125}{}% 30
\BOOKMARK [1][-]{index3.1}{\376\377\175\042\137\025}{}% 31
\BOOKMARK [2][-]{HD.Symbols.2}{\376\377\000S\000y\000m\000b\000o\000l\000s}{index3.1}% 32
\BOOKMARK [2][-]{HD.Numbers.2}{\376\377\000N\000u\000m\000b\000e\000r\000s}{index3.1}% 33
\BOOKMARK [2][-]{HD.A.2}{\376\377\000A}{index3.1}% 34
\BOOKMARK [2][-]{HD.B.2}{\376\377\000B}{index3.1}% 35
\BOOKMARK [2][-]{HD.C.2}{\376\377\000C}{index3.1}% 36
\BOOKMARK [2][-]{HD.D.2}{\376\377\000D}{index3.1}% 37
\BOOKMARK [2][-]{HD.E.2}{\376\377\000E}{index3.1}% 38
\BOOKMARK [2][-]{HD.F.2}{\376\377\000F}{index3.1}% 39
\BOOKMARK [2][-]{HD.G.2}{\376\377\000G}{index3.1}% 40
\BOOKMARK [2][-]{HD.H.2}{\376\377\000H}{index3.1}% 41
\BOOKMARK [2][-]{HD.I.2}{\376\377\000I}{index3.1}% 42
\BOOKMARK [2][-]{HD.M.2}{\376\377\000M}{index3.1}% 43
\BOOKMARK [2][-]{HD.N.2}{\376\377\000N}{index3.1}% 44
\BOOKMARK [2][-]{HD.O.2}{\376\377\000O}{index3.1}% 45
\BOOKMARK [2][-]{HD.P.2}{\376\377\000P}{index3.1}% 46
\BOOKMARK [2][-]{HD.Q.2}{\376\377\000Q}{index3.1}% 47
\BOOKMARK [2][-]{HD.R.2}{\376\377\000R}{index3.1}% 48
\BOOKMARK [2][-]{HD.S.2}{\376\377\000S}{index3.1}% 49
\BOOKMARK [2][-]{HD.T.2}{\376\377\000T}{index3.1}% 50
\BOOKMARK [2][-]{HD.U.2}{\376\377\000U}{index3.1}% 51
\BOOKMARK [2][-]{HD.V.2}{\376\377\000V}{index3.1}% 52
\BOOKMARK [2][-]{HD.Z.2}{\376\377\000Z}{index3.1}% 53
